<?xml version="1.0" encoding="UTF-8"?>
<!-- Generated by org.testng.reporters.JUnitReportReporter -->
<testsuite hostname="VBCDA-012" name="TestRunner.RunParallel" tests="10" failures="0" timestamp="27 Aug 2020 08:54:10 GMT" time="32.640" errors="0">
  <testcase name="runScenario" time="3.260" classname="TestRunner.RunParallel"/>
  <testcase name="runScenario" time="3.250" classname="TestRunner.RunParallel"/>
  <testcase name="runScenario" time="3.250" classname="TestRunner.RunParallel"/>
  <testcase name="runScenario" time="3.300" classname="TestRunner.RunParallel"/>
  <testcase name="runScenario" time="3.250" classname="TestRunner.RunParallel"/>
  <testcase name="runScenario" time="3.300" classname="TestRunner.RunParallel"/>
  <testcase name="runScenario" time="3.250" classname="TestRunner.RunParallel"/>
  <testcase name="runScenario" time="3.260" classname="TestRunner.RunParallel"/>
  <testcase name="runScenario" time="3.260" classname="TestRunner.RunParallel"/>
  <testcase name="runScenario" time="3.260" classname="TestRunner.RunParallel"/>
</testsuite> <!-- TestRunner.RunParallel -->
