<?xml version="1.0" encoding="UTF-8"?>
<!-- Generated by org.testng.reporters.JUnitReportReporter -->
<testsuite hostname="VBCDA-012" name="hellocucumber.RunParallel" tests="15" failures="0" timestamp="20 Aug 2020 16:52:42 GMT" time="46.246" errors="0">
  <testcase name="runScenario" time="3.143" classname="hellocucumber.RunParallel"/>
  <testcase name="runScenario" time="3.131" classname="hellocucumber.RunParallel"/>
  <testcase name="runScenario" time="3.112" classname="hellocucumber.RunParallel"/>
  <testcase name="runScenario" time="3.120" classname="hellocucumber.RunParallel"/>
  <testcase name="runScenario" time="3.003" classname="hellocucumber.RunParallel"/>
  <testcase name="runScenario" time="3.002" classname="hellocucumber.RunParallel"/>
  <testcase name="runScenario" time="3.109" classname="hellocucumber.RunParallel"/>
  <testcase name="runScenario" time="3.002" classname="hellocucumber.RunParallel"/>
  <testcase name="runScenario" time="3.135" classname="hellocucumber.RunParallel"/>
  <testcase name="runScenario" time="3.109" classname="hellocucumber.RunParallel"/>
  <testcase name="runScenario" time="3.138" classname="hellocucumber.RunParallel"/>
  <testcase name="runScenario" time="3.003" classname="hellocucumber.RunParallel"/>
  <testcase name="runScenario" time="3.108" classname="hellocucumber.RunParallel"/>
  <testcase name="runScenario" time="3.119" classname="hellocucumber.RunParallel"/>
  <testcase name="runScenario" time="3.012" classname="hellocucumber.RunParallel"/>
</testsuite> <!-- hellocucumber.RunParallel -->
