<?xml version="1.0" encoding="UTF-8"?>
<!-- Generated by org.testng.reporters.JUnitReportReporter -->
<testsuite hostname="VBCDA-012" name="testngpackage.Test_1" tests="2" failures="0" timestamp="24 Aug 2020 08:16:15 GMT" time="86.029" errors="0">
  <testcase name="executSessionOne" time="37.003" classname="testngpackage.Test_1"/>
  <testcase name="executSessionOne" time="49.026" classname="testngpackage.Test_1"/>
</testsuite> <!-- testngpackage.Test_1 -->
