<?xml version="1.0" encoding="UTF-8"?>
<!-- Generated by org.testng.reporters.JUnitReportReporter -->
<testsuite hostname="VBCDA-012" name="testThreadNG.Test_Parallel" tests="2" failures="0" timestamp="24 Aug 2020 08:16:15 GMT" time="84.275" errors="0">
  <testcase name="executSessionOne" time="45.788" classname="testThreadNG.Test_Parallel"/>
  <testcase name="executSessionOne" time="38.487" classname="testThreadNG.Test_Parallel"/>
</testsuite> <!-- testThreadNG.Test_Parallel -->
