<?xml version="1.0" encoding="UTF-8"?>
<!-- Generated by org.testng.reporters.JUnitReportReporter -->
<testsuite hostname="VBCDA-012" name="demo.Demo1_test" tests="1" failures="0" timestamp="24 Aug 2020 08:29:22 GMT" time="10.582" errors="0">
  <testcase name="getWeatherDetails" time="10.582" classname="demo.Demo1_test"/>
</testsuite> <!-- demo.Demo1_test -->
