<?xml version="1.0" encoding="UTF-8"?>
<!-- Generated by org.testng.reporters.JUnitReportReporter -->
<testsuite hostname="VBCDA-012" name="TestRunner.Runner" tests="2" failures="0" timestamp="24 Aug 2020 06:17:28 GMT" time="80.665" errors="0">
  <testcase name="runScenario" time="32.040" classname="TestRunner.Runner"/>
  <testcase name="runScenario" time="48.625" classname="TestRunner.Runner"/>
</testsuite> <!-- TestRunner.Runner -->
