<?xml version="1.0" encoding="UTF-8"?>
<!-- Generated by org.testng.reporters.JUnitReportReporter -->
<testsuite hostname="VBCDA-012" name="testThreadNG.Test_Parallel" tests="1" failures="0" timestamp="8 Jun 2020 08:14:02 GMT" time="26.978" errors="0">
  <testcase name="executSessionOne" time="26.978" classname="testThreadNG.Test_Parallel"/>
</testsuite> <!-- testThreadNG.Test_Parallel -->
